# JRE version: OpenJDK Runtime Environment Temurin-21.0.5+11 (21.0.5+11) (build 21.0.5+11-LTS)
# Java VM: OpenJDK 64-Bit Server VM Temurin-21.0.5+11 (21.0.5+11-LTS, mixed mode, sharing, tiered, compressed oops, compressed class ptrs, parallel gc, linux-amd64)
GC Precious Log:
 CardTable entry size: 512
 CPUs: 12 total, 12 available
 Memory: 32020M
 Large Page Support: Disabled
 NUMA Support: Disabled
 Compressed Oops: Enabled (32-bit)
 Alignments: Space 512K, Generation 512K, Heap 2M
 Heap Min Capacity: 100M
 Heap Initial Capacity: 100M
 Heap Max Capacity: 1G
 Pre-touch: Disabled
 Parallel Workers: 10
Heap:
 PSYoungGen      total 23552K, used 19690K [0x00000000eab00000, 0x00000000ec380000, 0x0000000100000000)
  eden space 22016K, 83% used [0x00000000eab00000,0x00000000ebcd9300,0x00000000ec080000)
  from space 1536K, 92% used [0x00000000ec200000,0x00000000ec3618c0,0x00000000ec380000)
  to   space 1536K, 0% used [0x00000000ec080000,0x00000000ec080000,0x00000000ec200000)
 ParOldGen       total 68608K, used 22150K [0x00000000c0000000, 0x00000000c4300000, 0x00000000eab00000)
  object space 68608K, 32% used [0x00000000c0000000,0x00000000c15a1bc0,0x00000000c4300000)
 Metaspace       used 48727K, committed 49792K, reserved 1114112K
  class space    used 5227K, committed 5632K, reserved 1048576K
GC Heap History (20 events):
Event: 1.713 GC heap before
{Heap before GC invocations=11 (full 1):
 PSYoungGen      total 24064K, used 23872K [0x00000000eab00000, 0x00000000ec880000, 0x0000000100000000)
  eden space 23552K, 100% used [0x00000000eab00000,0x00000000ec200000,0x00000000ec200000)
  from space 512K, 62% used [0x00000000ec280000,0x00000000ec2d0000,0x00000000ec300000)
  to   space 2560K, 0% used [0x00000000ec600000,0x00000000ec600000,0x00000000ec880000)
 ParOldGen       total 68608K, used 13657K [0x00000000c0000000, 0x00000000c4300000, 0x00000000eab00000)
  object space 68608K, 19% used [0x00000000c0000000,0x00000000c0d56420,0x00000000c4300000)
 Metaspace       used 26267K, committed 27072K, reserved 1114112K
  class space    used 2422K, committed 2752K, reserved 1048576K
}
Event: 1.714 GC heap after
{Heap after GC invocations=11 (full 1):
 PSYoungGen      total 25600K, used 2548K [0x00000000eab00000, 0x00000000ec880000, 0x0000000100000000)
  eden space 23040K, 0% used [0x00000000eab00000,0x00000000eab00000,0x00000000ec180000)
  from space 2560K, 99% used [0x00000000ec600000,0x00000000ec87d180,0x00000000ec880000)
  to   space 3584K, 0% used [0x00000000ec180000,0x00000000ec180000,0x00000000ec500000)
 ParOldGen       total 68608K, used 13865K [0x00000000c0000000, 0x00000000c4300000, 0x00000000eab00000)
  object space 68608K, 20% used [0x00000000c0000000,0x00000000c0d8a420,0x00000000c4300000)
 Metaspace       used 26267K, committed 27072K, reserved 1114112K
  class space    used 2422K, committed 2752K, reserved 1048576K
}
Event: 1.854 GC heap before
{Heap before GC invocations=12 (full 1):
 PSYoungGen      total 25600K, used 25588K [0x00000000eab00000, 0x00000000ec880000, 0x0000000100000000)
  eden space 23040K, 100% used [0x00000000eab00000,0x00000000ec180000,0x00000000ec180000)
  from space 2560K, 99% used [0x00000000ec600000,0x00000000ec87d180,0x00000000ec880000)
  to   space 3584K, 0% used [0x00000000ec180000,0x00000000ec180000,0x00000000ec500000)
 ParOldGen       total 68608K, used 13865K [0x00000000c0000000, 0x00000000c4300000, 0x00000000eab00000)
  object space 68608K, 20% used [0x00000000c0000000,0x00000000c0d8a420,0x00000000c4300000)
 Metaspace       used 30452K, committed 31360K, reserved 1114112K
  class space    used 2883K, committed 3264K, reserved 1048576K
}
Event: 1.858 GC heap after
{Heap after GC invocations=12 (full 1):
 PSYoungGen      total 24576K, used 1695K [0x00000000eab00000, 0x00000000ec680000, 0x0000000100000000)
  eden space 22528K, 0% used [0x00000000eab00000,0x00000000eab00000,0x00000000ec100000)
  from space 2048K, 82% used [0x00000000ec180000,0x00000000ec327cc8,0x00000000ec380000)
  to   space 2560K, 0% used [0x00000000ec400000,0x00000000ec400000,0x00000000ec680000)
 ParOldGen       total 68608K, used 16333K [0x00000000c0000000, 0x00000000c4300000, 0x00000000eab00000)
  object space 68608K, 23% used [0x00000000c0000000,0x00000000c0ff3500,0x00000000c4300000)
 Metaspace       used 30452K, committed 31360K, reserved 1114112K
  class space    used 2883K, committed 3264K, reserved 1048576K
}
Event: 1.919 GC heap before
{Heap before GC invocations=13 (full 1):
 PSYoungGen      total 24576K, used 24223K [0x00000000eab00000, 0x00000000ec680000, 0x0000000100000000)
  eden space 22528K, 100% used [0x00000000eab00000,0x00000000ec100000,0x00000000ec100000)
  from space 2048K, 82% used [0x00000000ec180000,0x00000000ec327cc8,0x00000000ec380000)
  to   space 2560K, 0% used [0x00000000ec400000,0x00000000ec400000,0x00000000ec680000)
 ParOldGen       total 68608K, used 16333K [0x00000000c0000000, 0x00000000c4300000, 0x00000000eab00000)
  object space 68608K, 23% used [0x00000000c0000000,0x00000000c0ff3500,0x00000000c4300000)
 Metaspace       used 32733K, committed 33664K, reserved 1114112K
  class space    used 3187K, committed 3584K, reserved 1048576K
}
Event: 1.923 GC heap after
{Heap after GC invocations=13 (full 1):
 PSYoungGen      total 24064K, used 1792K [0x00000000eab00000, 0x00000000ec600000, 0x0000000100000000)
  eden space 22016K, 0% used [0x00000000eab00000,0x00000000eab00000,0x00000000ec080000)
  from space 2048K, 87% used [0x00000000ec400000,0x00000000ec5c0000,0x00000000ec600000)
  to   space 2048K, 0% used [0x00000000ec200000,0x00000000ec200000,0x00000000ec400000)
 ParOldGen       total 68608K, used 17913K [0x00000000c0000000, 0x00000000c4300000, 0x00000000eab00000)
  object space 68608K, 26% used [0x00000000c0000000,0x00000000c117e4c0,0x00000000c4300000)
 Metaspace       used 32733K, committed 33664K, reserved 1114112K
  class space    used 3187K, committed 3584K, reserved 1048576K
}
Event: 1.956 GC heap before
{Heap before GC invocations=14 (full 1):
 PSYoungGen      total 24064K, used 13835K [0x00000000eab00000, 0x00000000ec600000, 0x0000000100000000)
  eden space 22016K, 54% used [0x00000000eab00000,0x00000000eb6c2f38,0x00000000ec080000)
  from space 2048K, 87% used [0x00000000ec400000,0x00000000ec5c0000,0x00000000ec600000)
  to   space 2048K, 0% used [0x00000000ec200000,0x00000000ec200000,0x00000000ec400000)
 ParOldGen       total 68608K, used 17913K [0x00000000c0000000, 0x00000000c4300000, 0x00000000eab00000)
  object space 68608K, 26% used [0x00000000c0000000,0x00000000c117e4c0,0x00000000c4300000)
 Metaspace       used 34831K, committed 35840K, reserved 1114112K
  class space    used 3445K, committed 3904K, reserved 1048576K
}
Event: 1.960 GC heap after
{Heap after GC invocations=14 (full 1):
 PSYoungGen      total 23040K, used 576K [0x00000000eab00000, 0x00000000ec480000, 0x0000000100000000)
  eden space 22016K, 0% used [0x00000000eab00000,0x00000000eab00000,0x00000000ec080000)
  from space 1024K, 56% used [0x00000000ec200000,0x00000000ec290000,0x00000000ec300000)
  to   space 1536K, 0% used [0x00000000ec300000,0x00000000ec300000,0x00000000ec480000)
 ParOldGen       total 68608K, used 19468K [0x00000000c0000000, 0x00000000c4300000, 0x00000000eab00000)
  object space 68608K, 28% used [0x00000000c0000000,0x00000000c1303050,0x00000000c4300000)
 Metaspace       used 34831K, committed 35840K, reserved 1114112K
  class space    used 3445K, committed 3904K, reserved 1048576K
}
Event: 1.960 GC heap before
{Heap before GC invocations=15 (full 2):
 PSYoungGen      total 23040K, used 576K [0x00000000eab00000, 0x00000000ec480000, 0x0000000100000000)
  eden space 22016K, 0% used [0x00000000eab00000,0x00000000eab00000,0x00000000ec080000)
  from space 1024K, 56% used [0x00000000ec200000,0x00000000ec290000,0x00000000ec300000)
  to   space 1536K, 0% used [0x00000000ec300000,0x00000000ec300000,0x00000000ec480000)
 ParOldGen       total 68608K, used 19468K [0x00000000c0000000, 0x00000000c4300000, 0x00000000eab00000)
  object space 68608K, 28% used [0x00000000c0000000,0x00000000c1303050,0x00000000c4300000)
 Metaspace       used 34831K, committed 35840K, reserved 1114112K
  class space    used 3445K, committed 3904K, reserved 1048576K
}
Event: 1.995 GC heap after
{Heap after GC invocations=15 (full 2):
 PSYoungGen      total 23040K, used 0K [0x00000000eab00000, 0x00000000ec480000, 0x0000000100000000)
  eden space 22016K, 0% used [0x00000000eab00000,0x00000000eab00000,0x00000000ec080000)
  from space 1024K, 0% used [0x00000000ec200000,0x00000000ec200000,0x00000000ec300000)
  to   space 1536K, 0% used [0x00000000ec300000,0x00000000ec300000,0x00000000ec480000)
 ParOldGen       total 68608K, used 18566K [0x00000000c0000000, 0x00000000c4300000, 0x00000000eab00000)
  object space 68608K, 27% used [0x00000000c0000000,0x00000000c1221838,0x00000000c4300000)
 Metaspace       used 34831K, committed 35840K, reserved 1114112K
  class space    used 3445K, committed 3904K, reserved 1048576K
}
Event: 2.102 GC heap before
{Heap before GC invocations=16 (full 2):
 PSYoungGen      total 23040K, used 22016K [0x00000000eab00000, 0x00000000ec480000, 0x0000000100000000)
  eden space 22016K, 100% used [0x00000000eab00000,0x00000000ec080000,0x00000000ec080000)
  from space 1024K, 0% used [0x00000000ec200000,0x00000000ec200000,0x00000000ec300000)
  to   space 1536K, 0% used [0x00000000ec300000,0x00000000ec300000,0x00000000ec480000)
 ParOldGen       total 68608K, used 18566K [0x00000000c0000000, 0x00000000c4300000, 0x00000000eab00000)
  object space 68608K, 27% used [0x00000000c0000000,0x00000000c1221838,0x00000000c4300000)
 Metaspace       used 37368K, committed 38272K, reserved 1114112K
  class space    used 3782K, committed 4160K, reserved 1048576K
}
Event: 2.104 GC heap after
{Heap after GC invocations=16 (full 2):
 PSYoungGen      total 23552K, used 1325K [0x00000000eab00000, 0x00000000ec480000, 0x0000000100000000)
  eden space 22016K, 0% used [0x00000000eab00000,0x00000000eab00000,0x00000000ec080000)
  from space 1536K, 86% used [0x00000000ec300000,0x00000000ec44b668,0x00000000ec480000)
  to   space 1536K, 0% used [0x00000000ec180000,0x00000000ec180000,0x00000000ec300000)
 ParOldGen       total 68608K, used 18574K [0x00000000c0000000, 0x00000000c4300000, 0x00000000eab00000)
  object space 68608K, 27% used [0x00000000c0000000,0x00000000c1223838,0x00000000c4300000)
 Metaspace       used 37368K, committed 38272K, reserved 1114112K
  class space    used 3782K, committed 4160K, reserved 1048576K
}
Event: 2.188 GC heap before
{Heap before GC invocations=17 (full 2):
 PSYoungGen      total 23552K, used 23341K [0x00000000eab00000, 0x00000000ec480000, 0x0000000100000000)
  eden space 22016K, 100% used [0x00000000eab00000,0x00000000ec080000,0x00000000ec080000)
  from space 1536K, 86% used [0x00000000ec300000,0x00000000ec44b668,0x00000000ec480000)
  to   space 1536K, 0% used [0x00000000ec180000,0x00000000ec180000,0x00000000ec300000)
 ParOldGen       total 68608K, used 18574K [0x00000000c0000000, 0x00000000c4300000, 0x00000000eab00000)
  object space 68608K, 27% used [0x00000000c0000000,0x00000000c1223838,0x00000000c4300000)
 Metaspace       used 39461K, committed 40448K, reserved 1114112K
  class space    used 4069K, committed 4480K, reserved 1048576K
}
Event: 2.192 GC heap after
{Heap after GC invocations=17 (full 2):
 PSYoungGen      total 23040K, used 826K [0x00000000eab00000, 0x00000000ec380000, 0x0000000100000000)
  eden space 22016K, 0% used [0x00000000eab00000,0x00000000eab00000,0x00000000ec080000)
  from space 1024K, 80% used [0x00000000ec180000,0x00000000ec24eb38,0x00000000ec280000)
  to   space 1024K, 0% used [0x00000000ec280000,0x00000000ec280000,0x00000000ec380000)
 ParOldGen       total 68608K, used 19630K [0x00000000c0000000, 0x00000000c4300000, 0x00000000eab00000)
  object space 68608K, 28% used [0x00000000c0000000,0x00000000c132b858,0x00000000c4300000)
 Metaspace       used 39461K, committed 40448K, reserved 1114112K
  class space    used 4069K, committed 4480K, reserved 1048576K
}
Event: 2.326 GC heap before
{Heap before GC invocations=18 (full 2):
 PSYoungGen      total 23040K, used 22842K [0x00000000eab00000, 0x00000000ec380000, 0x0000000100000000)
  eden space 22016K, 100% used [0x00000000eab00000,0x00000000ec080000,0x00000000ec080000)
  from space 1024K, 80% used [0x00000000ec180000,0x00000000ec24eb38,0x00000000ec280000)
  to   space 1024K, 0% used [0x00000000ec280000,0x00000000ec280000,0x00000000ec380000)
 ParOldGen       total 68608K, used 19630K [0x00000000c0000000, 0x00000000c4300000, 0x00000000eab00000)
  object space 68608K, 28% used [0x00000000c0000000,0x00000000c132b858,0x00000000c4300000)
 Metaspace       used 41897K, committed 42944K, reserved 1114112K
  class space    used 4374K, committed 4800K, reserved 1048576K
}
Event: 2.328 GC heap after
{Heap after GC invocations=18 (full 2):
 PSYoungGen      total 23040K, used 992K [0x00000000eab00000, 0x00000000ec380000, 0x0000000100000000)
  eden space 22016K, 0% used [0x00000000eab00000,0x00000000eab00000,0x00000000ec080000)
  from space 1024K, 96% used [0x00000000ec280000,0x00000000ec378000,0x00000000ec380000)
  to   space 1536K, 0% used [0x00000000ec080000,0x00000000ec080000,0x00000000ec200000)
 ParOldGen       total 68608K, used 20248K [0x00000000c0000000, 0x00000000c4300000, 0x00000000eab00000)
  object space 68608K, 29% used [0x00000000c0000000,0x00000000c13c63b0,0x00000000c4300000)
 Metaspace       used 41897K, committed 42944K, reserved 1114112K
  class space    used 4374K, committed 4800K, reserved 1048576K
}
Event: 2.437 GC heap before
{Heap before GC invocations=19 (full 2):
 PSYoungGen      total 23040K, used 23008K [0x00000000eab00000, 0x00000000ec380000, 0x0000000100000000)
  eden space 22016K, 100% used [0x00000000eab00000,0x00000000ec080000,0x00000000ec080000)
  from space 1024K, 96% used [0x00000000ec280000,0x00000000ec378000,0x00000000ec380000)
  to   space 1536K, 0% used [0x00000000ec080000,0x00000000ec080000,0x00000000ec200000)
 ParOldGen       total 68608K, used 20248K [0x00000000c0000000, 0x00000000c4300000, 0x00000000eab00000)
  object space 68608K, 29% used [0x00000000c0000000,0x00000000c13c63b0,0x00000000c4300000)
 Metaspace       used 44373K, committed 45312K, reserved 1114112K
  class space    used 4689K, committed 5056K, reserved 1048576K
}
Event: 2.439 GC heap after
{Heap after GC invocations=19 (full 2):
 PSYoungGen      total 23552K, used 1344K [0x00000000eab00000, 0x00000000ec380000, 0x0000000100000000)
  eden space 22016K, 0% used [0x00000000eab00000,0x00000000eab00000,0x00000000ec080000)
  from space 1536K, 87% used [0x00000000ec080000,0x00000000ec1d0000,0x00000000ec200000)
  to   space 1536K, 0% used [0x00000000ec200000,0x00000000ec200000,0x00000000ec380000)
 ParOldGen       total 68608K, used 21000K [0x00000000c0000000, 0x00000000c4300000, 0x00000000eab00000)
  object space 68608K, 30% used [0x00000000c0000000,0x00000000c14823b0,0x00000000c4300000)
 Metaspace       used 44373K, committed 45312K, reserved 1114112K
  class space    used 4689K, committed 5056K, reserved 1048576K
}
Event: 2.597 GC heap before
{Heap before GC invocations=20 (full 2):
 PSYoungGen      total 23552K, used 23343K [0x00000000eab00000, 0x00000000ec380000, 0x0000000100000000)
  eden space 22016K, 99% used [0x00000000eab00000,0x00000000ec07bd28,0x00000000ec080000)
  from space 1536K, 87% used [0x00000000ec080000,0x00000000ec1d0000,0x00000000ec200000)
  to   space 1536K, 0% used [0x00000000ec200000,0x00000000ec200000,0x00000000ec380000)
 ParOldGen       total 68608K, used 21000K [0x00000000c0000000, 0x00000000c4300000, 0x00000000eab00000)
  object space 68608K, 30% used [0x00000000c0000000,0x00000000c14823b0,0x00000000c4300000)
 Metaspace       used 47117K, committed 48192K, reserved 1114112K
  class space    used 5036K, committed 5504K, reserved 1048576K
}
Event: 2.598 GC heap after
{Heap after GC invocations=20 (full 2):
 PSYoungGen      total 23552K, used 1414K [0x00000000eab00000, 0x00000000ec380000, 0x0000000100000000)
  eden space 22016K, 0% used [0x00000000eab00000,0x00000000eab00000,0x00000000ec080000)
  from space 1536K, 92% used [0x00000000ec200000,0x00000000ec3618c0,0x00000000ec380000)
  to   space 1536K, 0% used [0x00000000ec080000,0x00000000ec080000,0x00000000ec200000)
 ParOldGen       total 68608K, used 22150K [0x00000000c0000000, 0x00000000c4300000, 0x00000000eab00000)
  object space 68608K, 32% used [0x00000000c0000000,0x00000000c15a1bc0,0x00000000c4300000)
 Metaspace       used 47117K, committed 48192K, reserved 1114112K
  class space    used 5036K, committed 5504K, reserved 1048576K
}

